<?xml version="1.0" encoding="UTF-8"?>
<!-- Generated by org.testng.reporters.JUnitXMLReporter -->
<testsuite hostname="LAPTOP-G1ED9TJB" failures="0" tests="9" name="Suite" time="0.038" errors="0" timestamp="3 Apr 2021 14:18:52 GMT">
  <testcase classname="ParallelExecution.Parallel1" name="test1" time="0.009"/>
  <testcase classname="ParallelExecution.Parallel1" name="test2" time="0.009"/>
  <testcase classname="ParallelExecution.Parallel1" name="test3" time="0.002"/>
  <testcase classname="ParallelExecution.Parallel2" name="test4" time="0.002"/>
  <testcase classname="ParallelExecution.Parallel2" name="test5" time="0.001"/>
  <testcase classname="ParallelExecution.Parallel2" name="test6" time="0.002"/>
  <testcase classname="ParallelExecution.Parallel3" name="test7" time="0.002"/>
  <testcase classname="ParallelExecution.Parallel3" name="test8" time="0.001"/>
  <testcase classname="ParallelExecution.Parallel3" name="test9" time="0.002"/>
</testsuite> <!-- Suite -->
