<?xml version="1.0" encoding="UTF-8"?>
<testng-results total="1" passed="1" failed="0" skipped="0">
  <reporter-output>
  </reporter-output>
  <suite started-at="2021-04-04T16:13:40Z" name="Default suite" finished-at="2021-04-04T16:13:56Z" duration-ms="16531">
    <groups>
    </groups>
    <test started-at="2021-04-04T16:13:40Z" name="Default test" finished-at="2021-04-04T16:13:56Z" duration-ms="16531">
      <class name="PageObjectModel.Driver">
        <test-method is-config="true" signature="setUp()[pri:0, instance:PageObjectModel.Driver@3e27aa33]" started-at="2021-04-04T21:43:40Z" name="setUp" finished-at="2021-04-04T21:43:47Z" duration-ms="6941" status="PASS">
          <reporter-output>
          </reporter-output>
        </test-method> <!-- setUp -->
        <test-method signature="testDirectoryPage()[pri:0, instance:PageObjectModel.Driver@3e27aa33]" started-at="2021-04-04T21:43:47Z" name="testDirectoryPage" finished-at="2021-04-04T21:43:56Z" duration-ms="9273" status="PASS">
          <reporter-output>
          </reporter-output>
        </test-method> <!-- testDirectoryPage -->
        <test-method is-config="true" signature="close()[pri:0, instance:PageObjectModel.Driver@3e27aa33]" started-at="2021-04-04T21:43:56Z" name="close" finished-at="2021-04-04T21:43:56Z" duration-ms="292" status="PASS">
          <reporter-output>
          </reporter-output>
        </test-method> <!-- close -->
      </class> <!-- PageObjectModel.Driver -->
    </test> <!-- Default test -->
  </suite> <!-- Default suite -->
</testng-results>
